akusisi/build/intermediates/manifest_merge_blame_file/debug/manifest-merger-blame-debug-report.txt
1<?xml version="1.0" encoding="utf-8"?>
2<manifest xmlns:android="http://schemas.android.com/apk/res/android"
3    xmlns:dist="http://schemas.android.com/apk/distribution"
4    featureSplit="akusisi"
5    package="com.redveloper.rebator"
6    android:versionCode="1"
7    android:versionName="1.0" >
8
9    <uses-sdk
10        android:minSdkVersion="21"
10-->src/main/AndroidManifest.xml
11        android:targetSdkVersion="21" />
11-->src/main/AndroidManifest.xml
12
13    <uses-permission android:name="android.permission.INTERNET" />
13-->src/main/AndroidManifest.xml:6:5-67
13-->src/main/AndroidManifest.xml:6:22-64
14
15    <dist:module
15-->src/main/AndroidManifest.xml:8:5-16:19
16        dist:instant="false"
16-->src/main/AndroidManifest.xml:9:9-29
17        dist:title="@string/title_akusisi" >
17-->src/main/AndroidManifest.xml:10:9-43
18        <dist:delivery>
18-->src/main/AndroidManifest.xml:11:9-13:25
19            <dist:on-demand />
19-->src/main/AndroidManifest.xml:12:13-31
20        </dist:delivery>
21
22        <dist:fusing dist:include="true" />
22-->src/main/AndroidManifest.xml:15:9-44
22-->src/main/AndroidManifest.xml:15:22-41
23    </dist:module>
24
25    <application
25-->src/main/AndroidManifest.xml:18:5-22:19
26        android:debuggable="true"
27        android:testOnly="true" >
28        <activity
28-->src/main/AndroidManifest.xml:19:9-21:40
29            android:name="com.redveloper.akusisi.ui.AkusisiActivity"
29-->src/main/AndroidManifest.xml:20:13-47
30            android:exported="false"
30-->src/main/AndroidManifest.xml:21:13-37
31            android:splitName="akusisi" />
32    </application>
33
34</manifest>